<?xml version="1.0" encoding="UTF-8"?>
<!-- Generated by org.testng.reporters.JUnitXMLReporter -->
<testsuite ignored="0" hostname="DESKTOP-V5UJJLP" failures="0" tests="3" name="Default test" time="41.109" errors="0" timestamp="2022-07-31T15:44:48 BDT">
  <testcase classname="Test_Scenarios.Test001" name="test_searchoperation" time="6.47"/>
  <testcase classname="Test_Scenarios.Test001" name="test_clickfacebooklink" time="4.167"/>
  <testcase classname="Test_Scenarios.Test001" name="test_loginfacebook" time="25.584"/>
</testsuite> <!-- Default test -->
