<?xml version="1.0" encoding="UTF-8"?>
<testng-results ignored="0" total="3" passed="3" failed="0" skipped="0">
  <reporter-output>
  </reporter-output>
  <suite started-at="2022-07-31T15:44:06 BDT" name="Default suite" finished-at="2022-07-31T15:44:48 BDT" duration-ms="41109">
    <groups>
    </groups>
    <test started-at="2022-07-31T15:44:06 BDT" name="Default test" finished-at="2022-07-31T15:44:48 BDT" duration-ms="41109">
      <class name="Test_Scenarios.Test001">
        <test-method is-config="true" signature="setup()[pri:0, instance:Test_Scenarios.Test001@16eb3ea3]" started-at="2022-07-31T15:44:07 BDT" name="setup" finished-at="2022-07-31T15:44:11 BDT" duration-ms="4767" status="PASS">
          <reporter-output>
          </reporter-output>
        </test-method> <!-- setup -->
        <test-method signature="test_searchoperation()[pri:1, instance:Test_Scenarios.Test001@16eb3ea3]" started-at="2022-07-31T15:44:11 BDT" name="test_searchoperation" finished-at="2022-07-31T15:44:18 BDT" duration-ms="6470" status="PASS">
          <reporter-output>
          </reporter-output>
        </test-method> <!-- test_searchoperation -->
        <test-method signature="test_clickfacebooklink()[pri:2, instance:Test_Scenarios.Test001@16eb3ea3]" started-at="2022-07-31T15:44:18 BDT" name="test_clickfacebooklink" finished-at="2022-07-31T15:44:22 BDT" duration-ms="4167" status="PASS">
          <reporter-output>
          </reporter-output>
        </test-method> <!-- test_clickfacebooklink -->
        <test-method signature="test_loginfacebook()[pri:3, instance:Test_Scenarios.Test001@16eb3ea3]" started-at="2022-07-31T15:44:22 BDT" name="test_loginfacebook" finished-at="2022-07-31T15:44:48 BDT" duration-ms="25584" status="PASS">
          <reporter-output>
          </reporter-output>
        </test-method> <!-- test_loginfacebook -->
        <test-method is-config="true" signature="teardown()[pri:0, instance:Test_Scenarios.Test001@16eb3ea3]" started-at="2022-07-31T15:44:48 BDT" name="teardown" finished-at="2022-07-31T15:44:48 BDT" duration-ms="1" status="PASS">
          <reporter-output>
          </reporter-output>
        </test-method> <!-- teardown -->
      </class> <!-- Test_Scenarios.Test001 -->
    </test> <!-- Default test -->
  </suite> <!-- Default suite -->
</testng-results>
